[INFO] Scanning for projects...
[INFO] 
[INFO] -----------------< CCGGAI.bau.project:backend_CCGGAI >------------------
[INFO] Building backend_CCGGAI 0.0.1-SNAPSHOT
[INFO]   from pom.xml
[INFO] --------------------------------[ jar ]---------------------------------
[INFO] 
[INFO] >>> spring-boot:3.4.3:run (default-cli) > test-compile @ backend_CCGGAI >>>
[INFO] 
[INFO] --- resources:3.3.1:resources (default-resources) @ backend_CCGGAI ---
[INFO] Copying 1 resource from src/main/resources to target/classes
[INFO] Copying 0 resource from src/main/resources to target/classes
[INFO] 
[INFO] --- compiler:3.13.0:compile (default-compile) @ backend_CCGGAI ---
[INFO] Nothing to compile - all classes are up to date.
[INFO] 
[INFO] --- resources:3.3.1:testResources (default-testResources) @ backend_CCGGAI ---
[INFO] skip non existing resourceDirectory /Users/sefasel/Desktop/PROJE CCGGAI/backend_CCGGAI/src/test/resources
[INFO] 
[INFO] --- compiler:3.13.0:testCompile (default-testCompile) @ backend_CCGGAI ---
[INFO] Nothing to compile - all classes are up to date.
[INFO] 
[INFO] <<< spring-boot:3.4.3:run (default-cli) < test-compile @ backend_CCGGAI <<<
[INFO] 
[INFO] 
[INFO] --- spring-boot:3.4.3:run (default-cli) @ backend_CCGGAI ---
[INFO] Attaching agents: []

  .   ____          _            __ _ _
 /\\ / ___'_ __ _ _(_)_ __  __ _ \ \ \ \
( ( )\___ | '_ | '_| | '_ \/ _` | \ \ \ \
 \\/  ___)| |_)| | | | | || (_| |  ) ) ) )
  '  |____| .__|_| |_|_| |_\__, | / / / /
 =========|_|==============|___/=/_/_/_/

 :: Spring Boot ::                (v3.4.3)

2025-02-28T01:34:00.577+03:00  INFO 16213 --- [           main] C.b.p.b.BackendCcggaiApplication         : Starting BackendCcggaiApplication using Java 21.0.6 with PID 16213 (/Users/sefasel/Desktop/PROJE CCGGAI/backend_CCGGAI/target/classes started by sefasel in /Users/sefasel/Desktop/PROJE CCGGAI/backend_CCGGAI)
2025-02-28T01:34:00.578+03:00  INFO 16213 --- [           main] C.b.p.b.BackendCcggaiApplication         : No active profile set, falling back to 1 default profile: "default"
2025-02-28T01:34:00.848+03:00  INFO 16213 --- [           main] o.s.b.w.embedded.tomcat.TomcatWebServer  : Tomcat initialized with port 8080 (http)
2025-02-28T01:34:00.854+03:00  INFO 16213 --- [           main] o.apache.catalina.core.StandardService   : Starting service [Tomcat]
2025-02-28T01:34:00.854+03:00  INFO 16213 --- [           main] o.apache.catalina.core.StandardEngine    : Starting Servlet engine: [Apache Tomcat/10.1.36]
2025-02-28T01:34:00.871+03:00  INFO 16213 --- [           main] o.a.c.c.C.[Tomcat].[localhost].[/]       : Initializing Spring embedded WebApplicationContext
2025-02-28T01:34:00.871+03:00  INFO 16213 --- [           main] w.s.c.ServletWebServerApplicationContext : Root WebApplicationContext: initialization completed in 280 ms
2025-02-28T01:34:00.982+03:00  INFO 16213 --- [           main] o.s.b.w.embedded.tomcat.TomcatWebServer  : Tomcat started on port 8080 (http) with context path '/'
2025-02-28T01:34:00.985+03:00  INFO 16213 --- [           main] C.b.p.b.BackendCcggaiApplication         : Started BackendCcggaiApplication in 0.54 seconds (process running for 0.649)
